Arguments: 
  /Users/ivanestruch/.nvm/versions/node/v16.15.0/bin/node /Users/ivanestruch/.nvm/versions/node/v16.15.0/bin/yarn

PATH: 
  /Users/ivanestruch/.nvm/versions/node/v16.15.0/bin:/opt/homebrew/bin:/opt/homebrew/sbin:/usr/local/bin:/usr/bin:/bin:/usr/sbin:/sbin

Yarn version: 
  1.22.18

Node version: 
  16.15.0

Platform: 
  darwin arm64

Trace: 
  SyntaxError: /Users/ivanestruch/Documents/projects/my-tests/vercel-tlgr-bot/package.json: Unexpected token } in JSON at position 350
      at JSON.parse (<anonymous>)
      at /Users/ivanestruch/.nvm/versions/node/v16.15.0/lib/node_modules/yarn/lib/cli.js:1625:59
      at Generator.next (<anonymous>)
      at step (/Users/ivanestruch/.nvm/versions/node/v16.15.0/lib/node_modules/yarn/lib/cli.js:310:30)
      at /Users/ivanestruch/.nvm/versions/node/v16.15.0/lib/node_modules/yarn/lib/cli.js:321:13

npm manifest: 
  {
    "name": "vercel-tlgr-bot",
    "version": "1.0.0",
    "description": "",
    "main": "index.js",
    "scripts": {
      "test": "echo \"Error: no test specified\" && exit 1"
    },
    "keywords": [],
    "author": "",
    "license": "ISC",
    "dependencies": {
      "firebase": "^9.12.1",
      "firebase-admin": "^11.1.0",
      "node-telegram-bot-api": "^0.59.0",
    },
    "devDependencies": {
      "ngrok": "^4.3.3"
    }
  }

yarn manifest: 
  No manifest

Lockfile: 
  No lockfile
